<?xml version="1.0" encoding="UTF-8"?>
<!-- Generated by org.testng.reporters.JUnitReportReporter -->
<testsuite hostname="Pranav" failures="0" tests="2" name="rahulshettyacademy.tests.ErrorValidationsTest" time="22.890" errors="0" timestamp="2024-10-05T13:40:45 IST" skipped="0">
  <testcase classname="rahulshettyacademy.tests.ErrorValidationsTest" name="LoginErrorValidation" time="8.989"/>
  <testcase classname="rahulshettyacademy.tests.ErrorValidationsTest" name="ProductErrorValidation" time="13.901"/>
</testsuite> <!-- rahulshettyacademy.tests.ErrorValidationsTest -->
