<?xml version="1.0" encoding="UTF-8"?>
<!-- Generated by org.testng.reporters.JUnitReportReporter -->
<testsuite hostname="Pranav" failures="0" tests="3" name="rahulshettyacademy.tests.SubmitOrderTest" time="25.630" errors="0" timestamp="2024-10-05T13:42:09 IST" skipped="0">
  <testcase classname="rahulshettyacademy.tests.SubmitOrderTest" name="submitOrder" time="9.735"/>
  <testcase classname="rahulshettyacademy.tests.SubmitOrderTest" name="OrderHistoryTest" time="6.551"/>
  <testcase classname="rahulshettyacademy.tests.SubmitOrderTest" name="submitOrder" time="9.344"/>
</testsuite> <!-- rahulshettyacademy.tests.SubmitOrderTest -->
